{
  "uid" : "3b6c3d85657351f2",
  "name" : "test_revise_class",
  "fullName" : "test_my_data.Test_My_Data#test_revise_class",
  "historyId" : "a762c73aa0db53dcf3b013fcefae6ef7",
  "time" : {
    "start" : 1605330464425,
    "stop" : 1605330470068,
    "duration" : 5643
  },
  "status" : "failed",
  "statusMessage" : "AssertionError: assert '二年级' == '中班'\n  - 二年级\n  + 中班",
  "statusTrace" : "self = <automation.ddkt_object.testcase.test_my_data.Test_My_Data object at 0x04489D70>, args = (), kwargs = {}\nfile_name = 'C:\\\\automation\\\\ddkt_object\\\\testcase\\\\report\\\\2020_11_14_13_07_49.png'\n\n    def get_ErrImage(self,*args, **kwargs):\n        try:\n            function(self,*args, **kwargs)\n        except Exception as msg:\n            file_name = os.getcwd() + \"\\\\report\\\\\" + time.strftime(\"%Y_%m_%d_%H_%M_%S\", time.localtime()) + '.png'\n            self.driver.getScreenshotAsFile(file_name)\n            allure.attach.file(file_name, \"失败截图\", attachment_type=allure.attachment_type.JPG)\n>           raise msg\n\n..\\page\\MainPage.py:102: \n_ _ _ _ _ _ _ _ _ _ _ _ _ _ _ _ _ _ _ _ _ _ _ _ _ _ _ _ _ _ _ _ _ _ _ _ _ _ _ _ _ _ _ _ _ _ _ _ _ _ _ _ _ _ _ _ _ _ _ _ _ _ _ _ _ _ _ _ _ _ _ _ _ _ _ _ _ _ _ _ _ _ _ _ _ _ _ _ _ _ _ _ _ \n..\\page\\MainPage.py:97: in get_ErrImage\n    function(self,*args, **kwargs)\n_ _ _ _ _ _ _ _ _ _ _ _ _ _ _ _ _ _ _ _ _ _ _ _ _ _ _ _ _ _ _ _ _ _ _ _ _ _ _ _ _ _ _ _ _ _ _ _ _ _ _ _ _ _ _ _ _ _ _ _ _ _ _ _ _ _ _ _ _ _ _ _ _ _ _ _ _ _ _ _ _ _ _ _ _ _ _ _ _ _ _ _ _ \n\nself = <automation.ddkt_object.testcase.test_my_data.Test_My_Data object at 0x04489D70>\n\n    @MyDataPage.getImage\n    def test_revise_class(self):\n        className,classNew = self.driver.reviseClass()\n        print(className,classNew)\n>       assert className == classNew\nE       AssertionError: assert '二年级' == '中班'\nE         - 二年级\nE         + 中班\n\ntest_my_data.py:32: AssertionError",
  "flaky" : false,
  "newFailed" : false,
  "beforeStages" : [ {
    "name" : "_Class__pytest_setup_class",
    "time" : {
      "start" : 1605330430178,
      "stop" : 1605330441638,
      "duration" : 11460
    },
    "status" : "passed",
    "steps" : [ ],
    "attachments" : [ ],
    "parameters" : [ ],
    "stepsCount" : 0,
    "hasContent" : false,
    "shouldDisplayMessage" : false,
    "attachmentsCount" : 0
  } ],
  "testStage" : {
    "status" : "failed",
    "statusMessage" : "AssertionError: assert '二年级' == '中班'\n  - 二年级\n  + 中班",
    "statusTrace" : "self = <automation.ddkt_object.testcase.test_my_data.Test_My_Data object at 0x04489D70>, args = (), kwargs = {}\nfile_name = 'C:\\\\automation\\\\ddkt_object\\\\testcase\\\\report\\\\2020_11_14_13_07_49.png'\n\n    def get_ErrImage(self,*args, **kwargs):\n        try:\n            function(self,*args, **kwargs)\n        except Exception as msg:\n            file_name = os.getcwd() + \"\\\\report\\\\\" + time.strftime(\"%Y_%m_%d_%H_%M_%S\", time.localtime()) + '.png'\n            self.driver.getScreenshotAsFile(file_name)\n            allure.attach.file(file_name, \"失败截图\", attachment_type=allure.attachment_type.JPG)\n>           raise msg\n\n..\\page\\MainPage.py:102: \n_ _ _ _ _ _ _ _ _ _ _ _ _ _ _ _ _ _ _ _ _ _ _ _ _ _ _ _ _ _ _ _ _ _ _ _ _ _ _ _ _ _ _ _ _ _ _ _ _ _ _ _ _ _ _ _ _ _ _ _ _ _ _ _ _ _ _ _ _ _ _ _ _ _ _ _ _ _ _ _ _ _ _ _ _ _ _ _ _ _ _ _ _ \n..\\page\\MainPage.py:97: in get_ErrImage\n    function(self,*args, **kwargs)\n_ _ _ _ _ _ _ _ _ _ _ _ _ _ _ _ _ _ _ _ _ _ _ _ _ _ _ _ _ _ _ _ _ _ _ _ _ _ _ _ _ _ _ _ _ _ _ _ _ _ _ _ _ _ _ _ _ _ _ _ _ _ _ _ _ _ _ _ _ _ _ _ _ _ _ _ _ _ _ _ _ _ _ _ _ _ _ _ _ _ _ _ _ \n\nself = <automation.ddkt_object.testcase.test_my_data.Test_My_Data object at 0x04489D70>\n\n    @MyDataPage.getImage\n    def test_revise_class(self):\n        className,classNew = self.driver.reviseClass()\n        print(className,classNew)\n>       assert className == classNew\nE       AssertionError: assert '二年级' == '中班'\nE         - 二年级\nE         + 中班\n\ntest_my_data.py:32: AssertionError",
    "steps" : [ ],
    "attachments" : [ {
      "uid" : "a3e53ca7b3254594",
      "name" : "失败截图",
      "source" : "a3e53ca7b3254594.jpg",
      "type" : "image/jpg",
      "size" : 116593
    }, {
      "uid" : "1e64c02d51ff4c3a",
      "name" : "stdout",
      "source" : "1e64c02d51ff4c3a.txt",
      "type" : "text/plain",
      "size" : 17
    } ],
    "parameters" : [ ],
    "stepsCount" : 0,
    "hasContent" : true,
    "shouldDisplayMessage" : true,
    "attachmentsCount" : 2
  },
  "afterStages" : [ {
    "name" : "_Class__pytest_setup_class::0",
    "time" : {
      "start" : 1605330470080,
      "stop" : 1605330470767,
      "duration" : 687
    },
    "status" : "passed",
    "steps" : [ ],
    "attachments" : [ ],
    "parameters" : [ ],
    "stepsCount" : 0,
    "hasContent" : false,
    "shouldDisplayMessage" : false,
    "attachmentsCount" : 0
  } ],
  "labels" : [ {
    "name" : "suite",
    "value" : "test_my_data"
  }, {
    "name" : "subSuite",
    "value" : "Test_My_Data"
  }, {
    "name" : "host",
    "value" : "DESKTOP-PC109"
  }, {
    "name" : "thread",
    "value" : "15660-MainThread"
  }, {
    "name" : "framework",
    "value" : "pytest"
  }, {
    "name" : "language",
    "value" : "cpython3"
  }, {
    "name" : "package",
    "value" : "test_my_data"
  }, {
    "name" : "resultFormat",
    "value" : "allure2"
  } ],
  "parameters" : [ ],
  "links" : [ ],
  "hidden" : false,
  "retry" : false,
  "extra" : {
    "severity" : "normal",
    "retries" : [ ],
    "categories" : [ {
      "name" : "Product defects",
      "matchedStatuses" : [ ],
      "flaky" : false
    } ],
    "tags" : [ ]
  },
  "source" : "3b6c3d85657351f2.json",
  "parameterValues" : [ ]
}