{
  "uid" : "bb4bb7af8c8e2115",
  "name" : "test_revise_name",
  "fullName" : "test_my_data.Test_My_Data#test_revise_name",
  "historyId" : "ae1e1f91c1d2f27fe439e935dd9fee94",
  "time" : {
    "start" : 1605330441640,
    "stop" : 1605330461210,
    "duration" : 19570
  },
  "status" : "failed",
  "statusMessage" : "AssertionError: assert 'Alex' == 'Aaron'\n  - Alex\n  + Aaron",
  "statusTrace" : "self = <automation.ddkt_object.testcase.test_my_data.Test_My_Data object at 0x03CB20D0>, args = (), kwargs = {}\nfile_name = 'C:\\\\automation\\\\ddkt_object\\\\testcase\\\\report\\\\2020_11_14_13_07_40.png'\n\n    def get_ErrImage(self,*args, **kwargs):\n        try:\n            function(self,*args, **kwargs)\n        except Exception as msg:\n            file_name = os.getcwd() + \"\\\\report\\\\\" + time.strftime(\"%Y_%m_%d_%H_%M_%S\", time.localtime()) + '.png'\n            self.driver.getScreenshotAsFile(file_name)\n            allure.attach.file(file_name, \"失败截图\", attachment_type=allure.attachment_type.JPG)\n>           raise msg\n\n..\\page\\MainPage.py:102: \n_ _ _ _ _ _ _ _ _ _ _ _ _ _ _ _ _ _ _ _ _ _ _ _ _ _ _ _ _ _ _ _ _ _ _ _ _ _ _ _ _ _ _ _ _ _ _ _ _ _ _ _ _ _ _ _ _ _ _ _ _ _ _ _ _ _ _ _ _ _ _ _ _ _ _ _ _ _ _ _ _ _ _ _ _ _ _ _ _ _ _ _ _ \n..\\page\\MainPage.py:97: in get_ErrImage\n    function(self,*args, **kwargs)\n_ _ _ _ _ _ _ _ _ _ _ _ _ _ _ _ _ _ _ _ _ _ _ _ _ _ _ _ _ _ _ _ _ _ _ _ _ _ _ _ _ _ _ _ _ _ _ _ _ _ _ _ _ _ _ _ _ _ _ _ _ _ _ _ _ _ _ _ _ _ _ _ _ _ _ _ _ _ _ _ _ _ _ _ _ _ _ _ _ _ _ _ _ \n\nself = <automation.ddkt_object.testcase.test_my_data.Test_My_Data object at 0x03CB20D0>\n\n    @MyDataPage.getImage\n    def test_revise_name(self):\n        name,nameNew = self.driver.reviseName()\n        print(name,nameNew)\n>       assert name == nameNew\nE       AssertionError: assert 'Alex' == 'Aaron'\nE         - Alex\nE         + Aaron\n\ntest_my_data.py:20: AssertionError",
  "flaky" : false,
  "newFailed" : false,
  "beforeStages" : [ {
    "name" : "_Class__pytest_setup_class",
    "time" : {
      "start" : 1605330430178,
      "stop" : 1605330441638,
      "duration" : 11460
    },
    "status" : "passed",
    "steps" : [ ],
    "attachments" : [ ],
    "parameters" : [ ],
    "stepsCount" : 0,
    "hasContent" : false,
    "shouldDisplayMessage" : false,
    "attachmentsCount" : 0
  } ],
  "testStage" : {
    "status" : "failed",
    "statusMessage" : "AssertionError: assert 'Alex' == 'Aaron'\n  - Alex\n  + Aaron",
    "statusTrace" : "self = <automation.ddkt_object.testcase.test_my_data.Test_My_Data object at 0x03CB20D0>, args = (), kwargs = {}\nfile_name = 'C:\\\\automation\\\\ddkt_object\\\\testcase\\\\report\\\\2020_11_14_13_07_40.png'\n\n    def get_ErrImage(self,*args, **kwargs):\n        try:\n            function(self,*args, **kwargs)\n        except Exception as msg:\n            file_name = os.getcwd() + \"\\\\report\\\\\" + time.strftime(\"%Y_%m_%d_%H_%M_%S\", time.localtime()) + '.png'\n            self.driver.getScreenshotAsFile(file_name)\n            allure.attach.file(file_name, \"失败截图\", attachment_type=allure.attachment_type.JPG)\n>           raise msg\n\n..\\page\\MainPage.py:102: \n_ _ _ _ _ _ _ _ _ _ _ _ _ _ _ _ _ _ _ _ _ _ _ _ _ _ _ _ _ _ _ _ _ _ _ _ _ _ _ _ _ _ _ _ _ _ _ _ _ _ _ _ _ _ _ _ _ _ _ _ _ _ _ _ _ _ _ _ _ _ _ _ _ _ _ _ _ _ _ _ _ _ _ _ _ _ _ _ _ _ _ _ _ \n..\\page\\MainPage.py:97: in get_ErrImage\n    function(self,*args, **kwargs)\n_ _ _ _ _ _ _ _ _ _ _ _ _ _ _ _ _ _ _ _ _ _ _ _ _ _ _ _ _ _ _ _ _ _ _ _ _ _ _ _ _ _ _ _ _ _ _ _ _ _ _ _ _ _ _ _ _ _ _ _ _ _ _ _ _ _ _ _ _ _ _ _ _ _ _ _ _ _ _ _ _ _ _ _ _ _ _ _ _ _ _ _ _ \n\nself = <automation.ddkt_object.testcase.test_my_data.Test_My_Data object at 0x03CB20D0>\n\n    @MyDataPage.getImage\n    def test_revise_name(self):\n        name,nameNew = self.driver.reviseName()\n        print(name,nameNew)\n>       assert name == nameNew\nE       AssertionError: assert 'Alex' == 'Aaron'\nE         - Alex\nE         + Aaron\n\ntest_my_data.py:20: AssertionError",
    "steps" : [ ],
    "attachments" : [ {
      "uid" : "c0993e9be844e6f5",
      "name" : "失败截图",
      "source" : "c0993e9be844e6f5.jpg",
      "type" : "image/jpg",
      "size" : 115664
    }, {
      "uid" : "a8c60a535054f177",
      "name" : "stdout",
      "source" : "a8c60a535054f177.txt",
      "type" : "text/plain",
      "size" : 11
    } ],
    "parameters" : [ ],
    "stepsCount" : 0,
    "hasContent" : true,
    "shouldDisplayMessage" : true,
    "attachmentsCount" : 2
  },
  "afterStages" : [ {
    "name" : "_Class__pytest_setup_class::0",
    "time" : {
      "start" : 1605330470080,
      "stop" : 1605330470767,
      "duration" : 687
    },
    "status" : "passed",
    "steps" : [ ],
    "attachments" : [ ],
    "parameters" : [ ],
    "stepsCount" : 0,
    "hasContent" : false,
    "shouldDisplayMessage" : false,
    "attachmentsCount" : 0
  } ],
  "labels" : [ {
    "name" : "suite",
    "value" : "test_my_data"
  }, {
    "name" : "subSuite",
    "value" : "Test_My_Data"
  }, {
    "name" : "host",
    "value" : "DESKTOP-PC109"
  }, {
    "name" : "thread",
    "value" : "15660-MainThread"
  }, {
    "name" : "framework",
    "value" : "pytest"
  }, {
    "name" : "language",
    "value" : "cpython3"
  }, {
    "name" : "package",
    "value" : "test_my_data"
  }, {
    "name" : "resultFormat",
    "value" : "allure2"
  } ],
  "parameters" : [ ],
  "links" : [ ],
  "hidden" : false,
  "retry" : false,
  "extra" : {
    "severity" : "normal",
    "retries" : [ ],
    "categories" : [ {
      "name" : "Product defects",
      "matchedStatuses" : [ ],
      "flaky" : false
    } ],
    "tags" : [ ]
  },
  "source" : "bb4bb7af8c8e2115.json",
  "parameterValues" : [ ]
}